Arguments: 
  C:\Program Files\nodejs\node.exe C:\Users\cghbh\AppData\Roaming\npm\node_modules\yarn\bin\yarn.js add animate.css

PATH: 
  D:\cmder\bin;D:\cmder\vendor\bin;D:\cmder\vendor\conemu-maximus5\ConEmu\Scripts;D:\cmder\vendor\conemu-maximus5;D:\cmder\vendor\conemu-maximus5\ConEmu;C:\WINDOWS\system32;C:\WINDOWS;C:\WINDOWS\System32\Wbem;C:\WINDOWS\System32\WindowsPowerShell\v1.0\;C:\WINDOWS\System32\OpenSSH\;C:\Program Files\Intel\WiFi\bin\;C:\Program Files\Common Files\Intel\WirelessCommon\;D:\cmder;C:\Users\cghbh\AppData\Roaming\nvm;C:\Program Files\nodejs;C:\Program Files\TortoiseSVN\bin;C:\Program Files\MongoDB\Server\4.1\bin;C:\Redis;C:\Program Files\nodejs\;C:\Program Files\Git\cmd;C:\Users\cghbh\AppData\Local\Programs\Python\Python37-32\Scripts\;C:\Users\cghbh\AppData\Local\Programs\Python\Python37-32\;C:\Users\cghbh\AppData\Local\Microsoft\WindowsApps;C:\Users\cghbh\AppData\Roaming\nvm;C:\Program Files\nodejs;C:\Users\cghbh\AppData\Local\BypassRuntm;C:\Users\cghbh\AppData\Local\Programs\Microsoft VS Code\bin;C:\Users\cghbh\AppData\Local\Microsoft\WindowsApps;C:\Users\cghbh\AppData\Roaming\npm;C:\Program Files\Git\cmd;C:\Program Files\Git\mingw64\bin;C:\Program Files\Git\usr\bin;D:\cmder

Yarn version: 
  1.16.0

Node version: 
  12.18.1

Platform: 
  win32 x64

Trace: 
  Error: ENOENT: no such file or directory, copyfile 'C:\Users\cghbh\AppData\Local\Yarn\Cache\v4\npm-ms-2.1.2-d09d1f357b443f493382a8eb3ccd183872ae6009\node_modules\ms\readme.md' -> 'C:\Users\cghbh\Desktop\MyComponents\lay-ui\node_modules\@babel\core\node_modules\ms\readme.md'

npm manifest: 
  {
    "name": "lay-ui",
    "version": "1.0.0",
    "description": "Vue Components Library",
    "main": "index.js",
    "scripts": {
      "dev": "webpack-dev-server --config ./build/webpack.dev.js --hot"
    },
    "keywords": [
      "Vue",
      "UI"
    ],
    "author": "chengang",
    "license": "MIT",
    "devDependencies": {
      "@babel/core": "^7.7.5",
      "@babel/plugin-syntax-dynamic-import": "^7.7.4",
      "@babel/preset-env": "^7.7.5",
      "@intervolga/optimize-cssnano-plugin": "^1.0.6",
      "animate.css": "^3.7.2",
      "async-validator": "^3.2.4",
      "autoprefixer": "^9.7.3",
      "babel-loader": "^8.0.6",
      "babel-plugin-component": "^1.1.1",
      "clean-webpack-plugin": "^3.0.0",
      "copy-webpack-plugin": "^5.1.0",
      "css-loader": "^3.2.1",
      "dart-sass": "^1.23.7",
      "file-loader": "^5.0.2",
      "html-webpack-plugin": "^3.2.0",
      "mini-css-extract-plugin": "^0.8.0",
      "normalize.css": "^8.0.1",
      "postcss-loader": "^3.0.0",
      "postcss-px-to-viewport": "^1.1.1",
      "postcss-pxtorem": "^4.0.1",
      "sass-loader": "^8.0.0",
      "style-loader": "^1.0.1",
      "url-loader": "^3.0.0",
      "vue-loader": "^15.7.2",
      "vue-template-compiler": "^2.6.10",
      "webpack": "^4.41.2",
      "webpack-bundle-analyzer": "^3.6.0",
      "webpack-cli": "^3.3.10",
      "webpack-dev-server": "^3.9.0",
      "webpack-merge": "^4.2.2"
    },
    "peerDependencies": {
      "vue": "^2.6.10",
      "vue-router": "^3.1.3"
    },
    "dependencies": {
      "axios": "^0.19.2",
      "core-js": "^2.6.10",
      "qiniu-js": "^2.5.5",
      "vue": "^2.6.11",
      "vue-router": "^3.3.4"
    },
    "engines": {
      "npm": ">=v6.12.0",
      "node": ">=12.13.0"
    }
  }

yarn manifest: 
  No manifest

Lockfile: 
  No lockfile
